<?xml version="1.0" encoding="UTF-8"?>
<!-- Generated by org.testng.reporters.JUnitReportReporter -->
<testsuite hostname="Dineshma-Lt" failures="0" tests="1" name="FrameworkSeleniumFrameworkDesign.tests.ErrorValidation" time="7.108" errors="0" timestamp="2024-05-01T20:45:27 IST" skipped="0">
  <testcase classname="FrameworkSeleniumFrameworkDesign.tests.ErrorValidation" name="loginerrorvalidation" time="7.108"/>
</testsuite> <!-- FrameworkSeleniumFrameworkDesign.tests.ErrorValidation -->
