<?xml version="1.0" encoding="UTF-8"?>
<!-- Generated by org.testng.reporters.JUnitReportReporter -->
<testsuite hostname="Dineshma-Lt" failures="0" tests="1" name="cucumber.TestNGTestRunner" time="17.868" errors="0" timestamp="2024-07-04T23:40:35 IST" skipped="0">
  <testcase classname="cucumber.TestNGTestRunner" name="runScenario" time="17.868"/>
  <system-out/>
</testsuite> <!-- cucumber.TestNGTestRunner -->
