<?xml version="1.0" encoding="UTF-8"?>
<!-- Generated by org.testng.reporters.JUnitReportReporter -->
<testsuite hostname="Dineshma-Lt" failures="0" tests="3" name="FrameworkSeleniumFrameworkDesign.tests.StandaloneTest" time="177.188" errors="0" timestamp="2024-07-03T23:12:21 IST" skipped="0">
  <testcase classname="FrameworkSeleniumFrameworkDesign.tests.StandaloneTest" name="orderitems" time="149.563"/>
  <system-out/>
  <testcase classname="FrameworkSeleniumFrameworkDesign.tests.StandaloneTest" name="submitorder" time="11.834"/>
  <system-out/>
  <testcase classname="FrameworkSeleniumFrameworkDesign.tests.StandaloneTest" name="submitorder" time="15.791"/>
  <system-out/>
</testsuite> <!-- FrameworkSeleniumFrameworkDesign.tests.StandaloneTest -->
