<?xml version="1.0" encoding="UTF-8"?>
<!-- Generated by org.testng.reporters.JUnitReportReporter -->
<testsuite hostname="Dineshma-Lt" failures="0" tests="2" name="FrameworkSeleniumFrameworkDesign.tests.StandaloneTest" time="43.214" errors="0" timestamp="2024-05-05T15:25:31 IST" skipped="0">
  <testcase classname="FrameworkSeleniumFrameworkDesign.tests.StandaloneTest" name="submitorder" time="26.189"/>
  <testcase classname="FrameworkSeleniumFrameworkDesign.tests.StandaloneTest" name="submitorder" time="17.025"/>
</testsuite> <!-- FrameworkSeleniumFrameworkDesign.tests.StandaloneTest -->
